 

          22  bottles of beer on the wall,
          22  bottles of beer,
  	      you take one down, pass it around,
          21  bottles of beer on the wall ;
 

 

          21  bottles of beer on the wall,
          21  bottles of beer,
  	      you take one down, pass it around,
          20  bottles of beer on the wall ;
 

 

          20  bottles of beer on the wall,
          20  bottles of beer,
  	      you take one down, pass it around,
          19  bottles of beer on the wall ;
 

 

          19  bottles of beer on the wall,
          19  bottles of beer,
  	      you take one down, pass it around,
          18  bottles of beer on the wall ;
 

 

          18  bottles of beer on the wall,
          18  bottles of beer,
  	      you take one down, pass it around,
          17  bottles of beer on the wall ;
 

 

          17  bottles of beer on the wall,
          17  bottles of beer,
  	      you take one down, pass it around,
          16  bottles of beer on the wall ;
 

 

          16  bottles of beer on the wall,
          16  bottles of beer,
  	      you take one down, pass it around,
          15  bottles of beer on the wall ;
 

 

          15  bottles of beer on the wall,
          15  bottles of beer,
  	      you take one down, pass it around,
          14  bottles of beer on the wall ;
 

 

          14  bottles of beer on the wall,
          14  bottles of beer,
  	      you take one down, pass it around,
          13  bottles of beer on the wall ;
 

 

          13  bottles of beer on the wall,
          13  bottles of beer,
  	      you take one down, pass it around,
          12  bottles of beer on the wall ;
 

 

          12  bottles of beer on the wall,
          12  bottles of beer,
  	      you take one down, pass it around,
          11  bottles of beer on the wall ;
 

 

          11  bottles of beer on the wall,
          11  bottles of beer,
  	      you take one down, pass it around,
          10  bottles of beer on the wall ;
 

 

          10  bottles of beer on the wall,
          10  bottles of beer,
  	      you take one down, pass it around,
           9  bottles of beer on the wall ;
 

 

           9  bottles of beer on the wall,
           9  bottles of beer,
  	      you take one down, pass it around,
           8  bottles of beer on the wall ;
 

 

           8  bottles of beer on the wall,
           8  bottles of beer,
  	      you take one down, pass it around,
           7  bottles of beer on the wall ;
 

 

           7  bottles of beer on the wall,
           7  bottles of beer,
  	      you take one down, pass it around,
           6  bottles of beer on the wall ;
 

 

           6  bottles of beer on the wall,
           6  bottles of beer,
  	      you take one down, pass it around,
           5  bottles of beer on the wall ;
 

 

           5  bottles of beer on the wall,
           5  bottles of beer,
  	      you take one down, pass it around,
           4  bottles of beer on the wall ;
 

 

           4  bottles of beer on the wall,
           4  bottles of beer,
  	      you take one down, pass it around,
           3  bottles of beer on the wall ;
 

 

           3  bottles of beer on the wall,
           3  bottles of beer,
  	      you take one down, pass it around,
           2  bottles of beer on the wall ;
 

 

           2  bottles of beer on the wall,
           2  bottles of beer,
  	      you take one down, pass it around,
           1  bottle of beer on the wall ;
 

 

           1  bottle of beer on the wall,
           1  bottle of beer,
  	      you take one down, pass it around,
  	      No bottles of beer on the wall ;
 

